<?xml version="1.0" encoding="UTF-8"?>
<testng-results ignored="0" total="1" passed="1" failed="0" skipped="0">
  <reporter-output>
  </reporter-output>
  <suite started-at="2024-01-11T12:06:34 IST" name="Default suite" finished-at="2024-01-11T12:06:34 IST" duration-ms="677">
    <groups>
    </groups>
    <test started-at="2024-01-11T12:06:34 IST" name="Default test" finished-at="2024-01-11T12:06:34 IST" duration-ms="677">
      <class name="ReadData.ReadData_StoreIn_HashMap">
        <test-method signature="GetExcelDataStoredInHAshMap()[pri:0, instance:ReadData.ReadData_StoreIn_HashMap@65f095f8]" started-at="2024-01-11T12:06:34 IST" name="GetExcelDataStoredInHAshMap" finished-at="2024-01-11T12:06:34 IST" duration-ms="641" status="PASS">
          <reporter-output>
          </reporter-output>
        </test-method> <!-- GetExcelDataStoredInHAshMap -->
      </class> <!-- ReadData.ReadData_StoreIn_HashMap -->
    </test> <!-- Default test -->
  </suite> <!-- Default suite -->
</testng-results>
